sample-host-app/build/intermediates/manifest_merge_blame_file/debug/processDebugMainManifest/manifest-merger-blame-debug-report.txt
1<?xml version="1.0" encoding="utf-8"?>
2<manifest xmlns:android="http://schemas.android.com/apk/res/android"
3    package="com.yourcompany.crowdmeasure.sample"
4    android:versionCode="1"
5    android:versionName="1.0" >
6
7    <uses-sdk
8        android:minSdkVersion="29"
9        android:targetSdkVersion="36" />
10
11    <uses-permission android:name="android.permission.ACCESS_COARSE_LOCATION" />
11-->src\main\AndroidManifest.xml:3:5-81
11-->src\main\AndroidManifest.xml:3:22-78
12    <uses-permission android:name="android.permission.READ_PHONE_STATE" />
12-->src\main\AndroidManifest.xml:4:5-75
12-->src\main\AndroidManifest.xml:4:22-72
13    <uses-permission android:name="android.permission.ACCESS_NETWORK_STATE" />
13-->[:crowdmeasure-sdk-background] AndroidManifest.xml:7:5-79
13-->[:crowdmeasure-sdk-background] AndroidManifest.xml:7:22-76
14    <uses-permission android:name="android.permission.WAKE_LOCK" />
14-->[:crowdmeasure-sdk-background] AndroidManifest.xml:8:5-68
14-->[:crowdmeasure-sdk-background] AndroidManifest.xml:8:22-65
15    <uses-permission android:name="android.permission.ACCESS_FINE_LOCATION" />
15-->[:crowdmeasure-sdk-calls] AndroidManifest.xml:8:5-79
15-->[:crowdmeasure-sdk-calls] AndroidManifest.xml:8:22-76
16    <uses-permission android:name="android.permission.ACCESS_BACKGROUND_LOCATION" />
16-->[:crowdmeasure-sdk-calls] AndroidManifest.xml:9:5-85
16-->[:crowdmeasure-sdk-calls] AndroidManifest.xml:9:22-82
17    <uses-permission android:name="android.permission.FOREGROUND_SERVICE" />
17-->[:crowdmeasure-sdk-calls] AndroidManifest.xml:10:5-77
17-->[:crowdmeasure-sdk-calls] AndroidManifest.xml:10:22-74
18    <uses-permission android:name="android.permission.FOREGROUND_SERVICE_LOCATION" />
18-->[:crowdmeasure-sdk-calls] AndroidManifest.xml:11:5-86
18-->[:crowdmeasure-sdk-calls] AndroidManifest.xml:11:22-83
19    <uses-permission android:name="android.permission.POST_NOTIFICATIONS" />
19-->[:crowdmeasure-sdk-calls] AndroidManifest.xml:12:5-77
19-->[:crowdmeasure-sdk-calls] AndroidManifest.xml:12:22-74
20    <uses-permission android:name="android.permission.REQUEST_IGNORE_BATTERY_OPTIMIZATIONS" />
20-->[:crowdmeasure-sdk-calls] AndroidManifest.xml:13:5-95
20-->[:crowdmeasure-sdk-calls] AndroidManifest.xml:13:22-92
21    <uses-permission android:name="android.permission.RECEIVE_BOOT_COMPLETED" />
21-->[:crowdmeasure-sdk-calls] AndroidManifest.xml:14:5-81
21-->[:crowdmeasure-sdk-calls] AndroidManifest.xml:14:22-78
22    <uses-permission android:name="android.permission.ACCESS_WIFI_STATE" />
22-->[:crowdmeasure-sdk-core] AndroidManifest.xml:8:5-76
22-->[:crowdmeasure-sdk-core] AndroidManifest.xml:8:22-73
23    <uses-permission android:name="android.permission.INTERNET" />
23-->[com.google.firebase:firebase-firestore:26.3.0] AndroidManifest.xml:11:5-67
23-->[com.google.firebase:firebase-firestore:26.3.0] AndroidManifest.xml:11:22-64
24
25    <permission
25-->[androidx.core:core:1.17.0] AndroidManifest.xml:22:5-24:47
26        android:name="com.yourcompany.crowdmeasure.sample.DYNAMIC_RECEIVER_NOT_EXPORTED_PERMISSION"
26-->[androidx.core:core:1.17.0] AndroidManifest.xml:23:9-81
27        android:protectionLevel="signature" />
27-->[androidx.core:core:1.17.0] AndroidManifest.xml:24:9-44
28
29    <uses-permission android:name="com.yourcompany.crowdmeasure.sample.DYNAMIC_RECEIVER_NOT_EXPORTED_PERMISSION" />
29-->[androidx.core:core:1.17.0] AndroidManifest.xml:26:5-97
29-->[androidx.core:core:1.17.0] AndroidManifest.xml:26:22-94
30
31    <application
31-->src\main\AndroidManifest.xml:6:5-18:19
32        android:name="com.yourcompany.crowdmeasure.sample.SampleApplication"
32-->src\main\AndroidManifest.xml:7:9-42
33        android:appComponentFactory="androidx.core.app.CoreComponentFactory"
33-->[androidx.core:core:1.17.0] AndroidManifest.xml:28:18-86
34        android:debuggable="true"
35        android:extractNativeLibs="false"
36        android:label="CrowdMeasure SDK Sample"
36-->src\main\AndroidManifest.xml:8:9-48
37        android:theme="@style/AppTheme" >
37-->src\main\AndroidManifest.xml:9:9-40
38        <activity
38-->src\main\AndroidManifest.xml:10:9-17:20
39            android:name="com.yourcompany.crowdmeasure.sample.MainActivity"
39-->src\main\AndroidManifest.xml:11:13-41
40            android:exported="true" >
40-->src\main\AndroidManifest.xml:12:13-36
41            <intent-filter>
41-->src\main\AndroidManifest.xml:13:13-16:29
42                <action android:name="android.intent.action.MAIN" />
42-->src\main\AndroidManifest.xml:14:17-69
42-->src\main\AndroidManifest.xml:14:25-66
43
44                <category android:name="android.intent.category.LAUNCHER" />
44-->src\main\AndroidManifest.xml:15:17-77
44-->src\main\AndroidManifest.xml:15:27-74
45            </intent-filter>
46        </activity>
47
48        <receiver
48-->[:crowdmeasure-sdk-calls] AndroidManifest.xml:17:9-23:20
49            android:name="com.yourcompany.crowdmeasure.sdk.calls.internal.CallPhoneStateReceiver"
49-->[:crowdmeasure-sdk-calls] AndroidManifest.xml:18:13-98
50            android:exported="false" >
50-->[:crowdmeasure-sdk-calls] AndroidManifest.xml:19:13-37
51            <intent-filter>
51-->[:crowdmeasure-sdk-calls] AndroidManifest.xml:20:13-22:29
52                <action android:name="android.intent.action.PHONE_STATE" />
52-->[:crowdmeasure-sdk-calls] AndroidManifest.xml:21:17-76
52-->[:crowdmeasure-sdk-calls] AndroidManifest.xml:21:25-73
53            </intent-filter>
54        </receiver>
55        <receiver
55-->[:crowdmeasure-sdk-calls] AndroidManifest.xml:24:9-31:20
56            android:name="com.yourcompany.crowdmeasure.sdk.calls.internal.CallWorkRescheduleReceiver"
56-->[:crowdmeasure-sdk-calls] AndroidManifest.xml:25:13-102
57            android:exported="false" >
57-->[:crowdmeasure-sdk-calls] AndroidManifest.xml:26:13-37
58            <intent-filter>
58-->[:crowdmeasure-sdk-calls] AndroidManifest.xml:27:13-30:29
59                <action android:name="android.intent.action.BOOT_COMPLETED" />
59-->[:crowdmeasure-sdk-calls] AndroidManifest.xml:28:17-79
59-->[:crowdmeasure-sdk-calls] AndroidManifest.xml:28:25-76
60                <action android:name="android.intent.action.MY_PACKAGE_REPLACED" />
60-->[:crowdmeasure-sdk-calls] AndroidManifest.xml:29:17-84
60-->[:crowdmeasure-sdk-calls] AndroidManifest.xml:29:25-81
61            </intent-filter>
62        </receiver>
63
64        <service
64-->[:crowdmeasure-sdk-calls] AndroidManifest.xml:33:9-36:56
65            android:name="com.yourcompany.crowdmeasure.sdk.calls.internal.CallSamplingService"
65-->[:crowdmeasure-sdk-calls] AndroidManifest.xml:34:13-95
66            android:exported="false"
66-->[:crowdmeasure-sdk-calls] AndroidManifest.xml:35:13-37
67            android:foregroundServiceType="location" />
67-->[:crowdmeasure-sdk-calls] AndroidManifest.xml:36:13-53
68
69        <provider
69-->[:crowdmeasure-sdk-calls] AndroidManifest.xml:38:9-46:20
70            android:name="com.yourcompany.crowdmeasure.sdk.calls.internal.CrowdMeasureCallsFileProvider"
70-->[:crowdmeasure-sdk-calls] AndroidManifest.xml:39:13-105
71            android:authorities="com.yourcompany.crowdmeasure.sample.crowdmeasure-calls.fileprovider"
71-->[:crowdmeasure-sdk-calls] AndroidManifest.xml:40:13-83
72            android:exported="false"
72-->[:crowdmeasure-sdk-calls] AndroidManifest.xml:41:13-37
73            android:grantUriPermissions="true" >
73-->[:crowdmeasure-sdk-calls] AndroidManifest.xml:42:13-47
74            <meta-data
74-->[:crowdmeasure-sdk-calls] AndroidManifest.xml:43:13-45:73
75                android:name="android.support.FILE_PROVIDER_PATHS"
75-->[:crowdmeasure-sdk-calls] AndroidManifest.xml:44:17-67
76                android:resource="@xml/crowdmeasure_calls_file_paths" />
76-->[:crowdmeasure-sdk-calls] AndroidManifest.xml:45:17-70
77        </provider>
78        <provider
78-->[:crowdmeasure-sdk-core] AndroidManifest.xml:13:9-21:20
79            android:name="com.yourcompany.crowdmeasure.sdk.internal.CrowdMeasureFileProvider"
79-->[:crowdmeasure-sdk-core] AndroidManifest.xml:14:13-94
80            android:authorities="com.yourcompany.crowdmeasure.sample.crowdmeasure-sdk.fileprovider"
80-->[:crowdmeasure-sdk-core] AndroidManifest.xml:15:13-81
81            android:exported="false"
81-->[:crowdmeasure-sdk-core] AndroidManifest.xml:16:13-37
82            android:grantUriPermissions="true" >
82-->[:crowdmeasure-sdk-core] AndroidManifest.xml:17:13-47
83            <meta-data
83-->[:crowdmeasure-sdk-calls] AndroidManifest.xml:43:13-45:73
84                android:name="android.support.FILE_PROVIDER_PATHS"
84-->[:crowdmeasure-sdk-calls] AndroidManifest.xml:44:17-67
85                android:resource="@xml/crowdmeasure_sdk_file_paths" />
85-->[:crowdmeasure-sdk-calls] AndroidManifest.xml:45:17-70
86        </provider>
87
88        <service
88-->[com.google.firebase:firebase-firestore:26.3.0] AndroidManifest.xml:14:9-23:19
89            android:name="com.google.firebase.components.ComponentDiscoveryService"
89-->[com.google.firebase:firebase-firestore:26.3.0] AndroidManifest.xml:15:13-84
90            android:directBootAware="true"
90-->[com.google.firebase:firebase-common:22.0.1] AndroidManifest.xml:32:13-43
91            android:exported="false" >
91-->[com.google.firebase:firebase-firestore:26.3.0] AndroidManifest.xml:16:13-37
92            <meta-data
92-->[com.google.firebase:firebase-firestore:26.3.0] AndroidManifest.xml:17:13-19:85
93                android:name="com.google.firebase.components:com.google.firebase.firestore.FirebaseFirestoreKtxRegistrar"
93-->[com.google.firebase:firebase-firestore:26.3.0] AndroidManifest.xml:18:17-122
94                android:value="com.google.firebase.components.ComponentRegistrar" />
94-->[com.google.firebase:firebase-firestore:26.3.0] AndroidManifest.xml:19:17-82
95            <meta-data
95-->[com.google.firebase:firebase-firestore:26.3.0] AndroidManifest.xml:20:13-22:85
96                android:name="com.google.firebase.components:com.google.firebase.firestore.FirestoreRegistrar"
96-->[com.google.firebase:firebase-firestore:26.3.0] AndroidManifest.xml:21:17-111
97                android:value="com.google.firebase.components.ComponentRegistrar" />
97-->[com.google.firebase:firebase-firestore:26.3.0] AndroidManifest.xml:22:17-82
98            <meta-data
98-->[com.google.firebase:firebase-common:22.0.1] AndroidManifest.xml:35:13-37:85
99                android:name="com.google.firebase.components:com.google.firebase.FirebaseCommonKtxRegistrar"
99-->[com.google.firebase:firebase-common:22.0.1] AndroidManifest.xml:36:17-109
100                android:value="com.google.firebase.components.ComponentRegistrar" />
100-->[com.google.firebase:firebase-common:22.0.1] AndroidManifest.xml:37:17-82
101        </service>
102
103        <activity
103-->[com.google.android.gms:play-services-base:18.9.0] AndroidManifest.xml:20:9-22:45
104            android:name="com.google.android.gms.common.api.GoogleApiActivity"
104-->[com.google.android.gms:play-services-base:18.9.0] AndroidManifest.xml:20:19-85
105            android:exported="false"
105-->[com.google.android.gms:play-services-base:18.9.0] AndroidManifest.xml:22:19-43
106            android:theme="@android:style/Theme.Translucent.NoTitleBar" />
106-->[com.google.android.gms:play-services-base:18.9.0] AndroidManifest.xml:21:19-78
107
108        <provider
108-->[androidx.work:work-runtime:2.11.2] AndroidManifest.xml:29:9-37:20
109            android:name="androidx.startup.InitializationProvider"
109-->[androidx.work:work-runtime:2.11.2] AndroidManifest.xml:30:13-67
110            android:authorities="com.yourcompany.crowdmeasure.sample.androidx-startup"
110-->[androidx.work:work-runtime:2.11.2] AndroidManifest.xml:31:13-68
111            android:exported="false" >
111-->[androidx.work:work-runtime:2.11.2] AndroidManifest.xml:32:13-37
112            <meta-data
112-->[androidx.work:work-runtime:2.11.2] AndroidManifest.xml:34:13-36:52
113                android:name="androidx.work.WorkManagerInitializer"
113-->[androidx.work:work-runtime:2.11.2] AndroidManifest.xml:35:17-68
114                android:value="androidx.startup" />
114-->[androidx.work:work-runtime:2.11.2] AndroidManifest.xml:36:17-49
115            <meta-data
115-->[androidx.emoji2:emoji2:1.3.0] AndroidManifest.xml:29:13-31:52
116                android:name="androidx.emoji2.text.EmojiCompatInitializer"
116-->[androidx.emoji2:emoji2:1.3.0] AndroidManifest.xml:30:17-75
117                android:value="androidx.startup" />
117-->[androidx.emoji2:emoji2:1.3.0] AndroidManifest.xml:31:17-49
118            <meta-data
118-->[androidx.lifecycle:lifecycle-process:2.10.0] AndroidManifest.xml:29:13-31:52
119                android:name="androidx.lifecycle.ProcessLifecycleInitializer"
119-->[androidx.lifecycle:lifecycle-process:2.10.0] AndroidManifest.xml:30:17-78
120                android:value="androidx.startup" />
120-->[androidx.lifecycle:lifecycle-process:2.10.0] AndroidManifest.xml:31:17-49
121            <meta-data
121-->[com.squareup.okhttp3:okhttp-android:5.3.2] AndroidManifest.xml:16:13-18:52
122                android:name="okhttp3.internal.platform.PlatformInitializer"
122-->[com.squareup.okhttp3:okhttp-android:5.3.2] AndroidManifest.xml:17:17-77
123                android:value="androidx.startup" />
123-->[com.squareup.okhttp3:okhttp-android:5.3.2] AndroidManifest.xml:18:17-49
124            <meta-data
124-->[androidx.profileinstaller:profileinstaller:1.4.0] AndroidManifest.xml:29:13-31:52
125                android:name="androidx.profileinstaller.ProfileInstallerInitializer"
125-->[androidx.profileinstaller:profileinstaller:1.4.0] AndroidManifest.xml:30:17-85
126                android:value="androidx.startup" />
126-->[androidx.profileinstaller:profileinstaller:1.4.0] AndroidManifest.xml:31:17-49
127        </provider>
128
129        <service
129-->[androidx.work:work-runtime:2.11.2] AndroidManifest.xml:39:9-45:35
130            android:name="androidx.work.impl.background.systemjob.SystemJobService"
130-->[androidx.work:work-runtime:2.11.2] AndroidManifest.xml:40:13-84
131            android:directBootAware="false"
131-->[androidx.work:work-runtime:2.11.2] AndroidManifest.xml:41:13-44
132            android:enabled="@bool/enable_system_job_service_default"
132-->[androidx.work:work-runtime:2.11.2] AndroidManifest.xml:42:13-70
133            android:exported="true"
133-->[androidx.work:work-runtime:2.11.2] AndroidManifest.xml:43:13-36
134            android:permission="android.permission.BIND_JOB_SERVICE" />
134-->[androidx.work:work-runtime:2.11.2] AndroidManifest.xml:44:13-69
135        <service
135-->[androidx.work:work-runtime:2.11.2] AndroidManifest.xml:46:9-52:35
136            android:name="androidx.work.impl.foreground.SystemForegroundService"
136-->[androidx.work:work-runtime:2.11.2] AndroidManifest.xml:47:13-81
137            android:directBootAware="false"
137-->[androidx.work:work-runtime:2.11.2] AndroidManifest.xml:48:13-44
138            android:enabled="@bool/enable_system_foreground_service_default"
138-->[androidx.work:work-runtime:2.11.2] AndroidManifest.xml:49:13-77
139            android:exported="false" />
139-->[androidx.work:work-runtime:2.11.2] AndroidManifest.xml:50:13-37
140
141        <receiver
141-->[androidx.work:work-runtime:2.11.2] AndroidManifest.xml:54:9-59:35
142            android:name="androidx.work.impl.utils.ForceStopRunnable$BroadcastReceiver"
142-->[androidx.work:work-runtime:2.11.2] AndroidManifest.xml:55:13-88
143            android:directBootAware="false"
143-->[androidx.work:work-runtime:2.11.2] AndroidManifest.xml:56:13-44
144            android:enabled="true"
144-->[androidx.work:work-runtime:2.11.2] AndroidManifest.xml:57:13-35
145            android:exported="false" />
145-->[androidx.work:work-runtime:2.11.2] AndroidManifest.xml:58:13-37
146        <receiver
146-->[androidx.work:work-runtime:2.11.2] AndroidManifest.xml:60:9-69:20
147            android:name="androidx.work.impl.background.systemalarm.RescheduleReceiver"
147-->[androidx.work:work-runtime:2.11.2] AndroidManifest.xml:61:13-88
148            android:directBootAware="false"
148-->[androidx.work:work-runtime:2.11.2] AndroidManifest.xml:62:13-44
149            android:enabled="false"
149-->[androidx.work:work-runtime:2.11.2] AndroidManifest.xml:63:13-36
150            android:exported="false" >
150-->[androidx.work:work-runtime:2.11.2] AndroidManifest.xml:64:13-37
151            <intent-filter>
151-->[androidx.work:work-runtime:2.11.2] AndroidManifest.xml:66:13-68:29
152                <action android:name="android.intent.action.BOOT_COMPLETED" />
152-->[:crowdmeasure-sdk-calls] AndroidManifest.xml:28:17-79
152-->[:crowdmeasure-sdk-calls] AndroidManifest.xml:28:25-76
153            </intent-filter>
154        </receiver>
155        <receiver
155-->[androidx.work:work-runtime:2.11.2] AndroidManifest.xml:70:9-80:20
156            android:name="androidx.work.impl.diagnostics.DiagnosticsReceiver"
156-->[androidx.work:work-runtime:2.11.2] AndroidManifest.xml:71:13-78
157            android:directBootAware="false"
157-->[androidx.work:work-runtime:2.11.2] AndroidManifest.xml:72:13-44
158            android:enabled="true"
158-->[androidx.work:work-runtime:2.11.2] AndroidManifest.xml:73:13-35
159            android:exported="true"
159-->[androidx.work:work-runtime:2.11.2] AndroidManifest.xml:74:13-36
160            android:permission="android.permission.DUMP" >
160-->[androidx.work:work-runtime:2.11.2] AndroidManifest.xml:75:13-57
161            <intent-filter>
161-->[androidx.work:work-runtime:2.11.2] AndroidManifest.xml:77:13-79:29
162                <action android:name="androidx.work.diagnostics.REQUEST_DIAGNOSTICS" />
162-->[androidx.work:work-runtime:2.11.2] AndroidManifest.xml:78:17-88
162-->[androidx.work:work-runtime:2.11.2] AndroidManifest.xml:78:25-85
163            </intent-filter>
164        </receiver>
165
166        <service
166-->[androidx.room:room-runtime-android:2.8.4] AndroidManifest.xml:24:9-28:63
167            android:name="androidx.room.MultiInstanceInvalidationService"
167-->[androidx.room:room-runtime-android:2.8.4] AndroidManifest.xml:25:13-74
168            android:directBootAware="true"
168-->[androidx.room:room-runtime-android:2.8.4] AndroidManifest.xml:26:13-43
169            android:exported="false" />
169-->[androidx.room:room-runtime-android:2.8.4] AndroidManifest.xml:27:13-37
170
171        <provider
171-->[com.google.firebase:firebase-common:22.0.1] AndroidManifest.xml:23:9-28:39
172            android:name="com.google.firebase.provider.FirebaseInitProvider"
172-->[com.google.firebase:firebase-common:22.0.1] AndroidManifest.xml:24:13-77
173            android:authorities="com.yourcompany.crowdmeasure.sample.firebaseinitprovider"
173-->[com.google.firebase:firebase-common:22.0.1] AndroidManifest.xml:25:13-72
174            android:directBootAware="true"
174-->[com.google.firebase:firebase-common:22.0.1] AndroidManifest.xml:26:13-43
175            android:exported="false"
175-->[com.google.firebase:firebase-common:22.0.1] AndroidManifest.xml:27:13-37
176            android:initOrder="100" />
176-->[com.google.firebase:firebase-common:22.0.1] AndroidManifest.xml:28:13-36
177
178        <meta-data
178-->[com.google.android.gms:play-services-basement:18.9.0] AndroidManifest.xml:21:9-23:69
179            android:name="com.google.android.gms.version"
179-->[com.google.android.gms:play-services-basement:18.9.0] AndroidManifest.xml:22:13-58
180            android:value="@integer/google_play_services_version" />
180-->[com.google.android.gms:play-services-basement:18.9.0] AndroidManifest.xml:23:13-66
181
182        <receiver
182-->[androidx.profileinstaller:profileinstaller:1.4.0] AndroidManifest.xml:34:9-52:20
183            android:name="androidx.profileinstaller.ProfileInstallReceiver"
183-->[androidx.profileinstaller:profileinstaller:1.4.0] AndroidManifest.xml:35:13-76
184            android:directBootAware="false"
184-->[androidx.profileinstaller:profileinstaller:1.4.0] AndroidManifest.xml:36:13-44
185            android:enabled="true"
185-->[androidx.profileinstaller:profileinstaller:1.4.0] AndroidManifest.xml:37:13-35
186            android:exported="true"
186-->[androidx.profileinstaller:profileinstaller:1.4.0] AndroidManifest.xml:38:13-36
187            android:permission="android.permission.DUMP" >
187-->[androidx.profileinstaller:profileinstaller:1.4.0] AndroidManifest.xml:39:13-57
188            <intent-filter>
188-->[androidx.profileinstaller:profileinstaller:1.4.0] AndroidManifest.xml:40:13-42:29
189                <action android:name="androidx.profileinstaller.action.INSTALL_PROFILE" />
189-->[androidx.profileinstaller:profileinstaller:1.4.0] AndroidManifest.xml:41:17-91
189-->[androidx.profileinstaller:profileinstaller:1.4.0] AndroidManifest.xml:41:25-88
190            </intent-filter>
191            <intent-filter>
191-->[androidx.profileinstaller:profileinstaller:1.4.0] AndroidManifest.xml:43:13-45:29
192                <action android:name="androidx.profileinstaller.action.SKIP_FILE" />
192-->[androidx.profileinstaller:profileinstaller:1.4.0] AndroidManifest.xml:44:17-85
192-->[androidx.profileinstaller:profileinstaller:1.4.0] AndroidManifest.xml:44:25-82
193            </intent-filter>
194            <intent-filter>
194-->[androidx.profileinstaller:profileinstaller:1.4.0] AndroidManifest.xml:46:13-48:29
195                <action android:name="androidx.profileinstaller.action.SAVE_PROFILE" />
195-->[androidx.profileinstaller:profileinstaller:1.4.0] AndroidManifest.xml:47:17-88
195-->[androidx.profileinstaller:profileinstaller:1.4.0] AndroidManifest.xml:47:25-85
196            </intent-filter>
197            <intent-filter>
197-->[androidx.profileinstaller:profileinstaller:1.4.0] AndroidManifest.xml:49:13-51:29
198                <action android:name="androidx.profileinstaller.action.BENCHMARK_OPERATION" />
198-->[androidx.profileinstaller:profileinstaller:1.4.0] AndroidManifest.xml:50:17-95
198-->[androidx.profileinstaller:profileinstaller:1.4.0] AndroidManifest.xml:50:25-92
199            </intent-filter>
200        </receiver>
201    </application>
202
203</manifest>